<?xml version="1.0" encoding="UTF-8"?>
<!-- Generated by org.testng.reporters.JUnitReportReporter -->
<testsuite hostname="akash" failures="0" tests="1" name="testCases.TC_01_AccountRegistration" time="2.777" errors="0" timestamp="2024-11-23T17:49:00 IST" skipped="0">
  <testcase classname="testCases.TC_01_AccountRegistration" name="verify_account_registration" time="2.777"/>
  <system-out/>
</testsuite> <!-- testCases.TC_01_AccountRegistration -->
