<?xml version="1.0" encoding="UTF-8"?>
<!-- Generated by org.testng.reporters.JUnitReportReporter -->
<testsuite hostname="akash" failures="0" tests="1" name="testCases.TC_002_LoginTest" time="4.003" errors="0" timestamp="2024-11-26T11:45:05 IST" skipped="0">
  <testcase classname="testCases.TC_002_LoginTest" name="verify_login" time="4.003"/>
  <system-out/>
</testsuite> <!-- testCases.TC_002_LoginTest -->
