<?xml version="1.0" encoding="UTF-8"?>
<!-- Generated by org.testng.reporters.JUnitReportReporter -->
<testsuite hostname="akash" failures="0" tests="1" name="testCases.TC_01_AccountRegistration" time="3.858" errors="0" timestamp="2024-11-26T11:45:05 IST" skipped="0">
  <testcase classname="testCases.TC_01_AccountRegistration" name="verify_account_registration" time="3.858"/>
  <system-out/>
</testsuite> <!-- testCases.TC_01_AccountRegistration -->
