<?xml version="1.0" encoding="UTF-8"?>
<!-- Generated by org.testng.reporters.JUnitReportReporter -->
<testsuite hostname="akash" failures="0" tests="1" name="testCases.TC_01_AccountRegistration" time="3.147" errors="0" timestamp="2024-11-23T20:52:34 IST" skipped="0">
  <testcase classname="testCases.TC_01_AccountRegistration" name="verify_account_registration" time="3.147"/>
</testsuite> <!-- testCases.TC_01_AccountRegistration -->
