<?xml version="1.0" encoding="UTF-8"?>
<!-- Generated by org.testng.reporters.JUnitReportReporter -->
<testsuite hostname="akash" failures="0" tests="1" name="testCases.TC_002_LoginTest" time="1.908" errors="0" timestamp="2024-11-24T13:21:37 IST" skipped="0">
  <testcase classname="testCases.TC_002_LoginTest" name="verify_login" time="1.908"/>
</testsuite> <!-- testCases.TC_002_LoginTest -->
