<?xml version="1.0" encoding="UTF-8"?>
<!-- Generated by org.testng.reporters.JUnitReportReporter -->
<testsuite hostname="akash" failures="0" tests="1" name="testCases.TC_002_LoginTest" time="2.130" errors="0" timestamp="2024-11-23T20:52:34 IST" skipped="0">
  <testcase classname="testCases.TC_002_LoginTest" name="verify_login" time="2.130"/>
</testsuite> <!-- testCases.TC_002_LoginTest -->
